This file contains any messages produced by compilers while
running configure, to aid debugging if configure makes a mistake.

It was created by configure, which was
generated by GNU Autoconf 2.59.  Invocation command line was

  $ ./configure 

## --------- ##
## Platform. ##
## --------- ##

hostname = 2-2-1-257-0
uname -m = x86_64
uname -r = 5.10.16.3-microsoft-standard-WSL2
uname -s = Linux
uname -v = #1 SMP Fri Apr 2 22:23:49 UTC 2021

/usr/bin/uname -p = x86_64
/bin/uname -X     = unknown

/bin/arch              = x86_64
/usr/bin/arch -k       = unknown
/usr/convex/getsysinfo = unknown
hostinfo               = unknown
/bin/machine           = unknown
/usr/bin/oslevel       = unknown
/bin/universe          = unknown

PATH: /usr/local/sbin
PATH: /usr/local/bin
PATH: /usr/sbin
PATH: /usr/bin
PATH: /sbin
PATH: /bin
PATH: /usr/games
PATH: /usr/local/games
PATH: /usr/lib/wsl/lib
PATH: /mnt/d/software/platform-tools
PATH: /mnt/c/WINDOWS/system32
PATH: /mnt/c/WINDOWS
PATH: /mnt/c/WINDOWS/System32/Wbem
PATH: /mnt/c/WINDOWS/System32/WindowsPowerShell/v1.0/
PATH: /mnt/c/WINDOWS/System32/OpenSSH/
PATH: /mnt/d/software/ffmpeg-N/bin
PATH: /mnt/d/software/cmder
PATH: /mnt/d/Program Files/Git/cmd
PATH: /mnt/d/Program Files/nodejs/
PATH: /mnt/d/Program Files (x86)/python38/Scripts/
PATH: /mnt/d/Program Files (x86)/python38/
PATH: /mnt/c/Users/Feng Chaochao/AppData/Local/Microsoft/WindowsApps
PATH: /mnt/d/Program Files/Microsoft VS Code/bin
PATH: /mnt/c/Users/Feng Chaochao/AppData/Roaming/npm
PATH: /snap/bin


## ----------- ##
## Core tests. ##
## ----------- ##

configure:1334: checking for gcc
configure:1350: found /usr/bin/gcc
configure:1360: result: gcc
configure:1604: checking for C compiler version
configure:1607: gcc --version </dev/null >&5
gcc (Ubuntu 11.4.0-1ubuntu1~22.04) 11.4.0
Copyright (C) 2021 Free Software Foundation, Inc.
This is free software; see the source for copying conditions.  There is NO
warranty; not even for MERCHANTABILITY or FITNESS FOR A PARTICULAR PURPOSE.

configure:1610: $? = 0
configure:1612: gcc -v </dev/null >&5
Using built-in specs.
COLLECT_GCC=gcc
COLLECT_LTO_WRAPPER=/usr/lib/gcc/x86_64-linux-gnu/11/lto-wrapper
OFFLOAD_TARGET_NAMES=nvptx-none:amdgcn-amdhsa
OFFLOAD_TARGET_DEFAULT=1
Target: x86_64-linux-gnu
Configured with: ../src/configure -v --with-pkgversion='Ubuntu 11.4.0-1ubuntu1~22.04' --with-bugurl=file:///usr/share/doc/gcc-11/README.Bugs --enable-languages=c,ada,c++,go,brig,d,fortran,objc,obj-c++,m2 --prefix=/usr --with-gcc-major-version-only --program-suffix=-11 --program-prefix=x86_64-linux-gnu- --enable-shared --enable-linker-build-id --libexecdir=/usr/lib --without-included-gettext --enable-threads=posix --libdir=/usr/lib --enable-nls --enable-bootstrap --enable-clocale=gnu --enable-libstdcxx-debug --enable-libstdcxx-time=yes --with-default-libstdcxx-abi=new --enable-gnu-unique-object --disable-vtable-verify --enable-plugin --enable-default-pie --with-system-zlib --enable-libphobos-checking=release --with-target-system-zlib=auto --enable-objc-gc=auto --enable-multiarch --disable-werror --enable-cet --with-arch-32=i686 --with-abi=m64 --with-multilib-list=m32,m64,mx32 --enable-multilib --with-tune=generic --enable-offload-targets=nvptx-none=/build/gcc-11-XeT9lY/gcc-11-11.4.0/debian/tmp-nvptx/usr,amdgcn-amdhsa=/build/gcc-11-XeT9lY/gcc-11-11.4.0/debian/tmp-gcn/usr --without-cuda-driver --enable-checking=release --build=x86_64-linux-gnu --host=x86_64-linux-gnu --target=x86_64-linux-gnu --with-build-config=bootstrap-lto-lean --enable-link-serialization=2
Thread model: posix
Supported LTO compression algorithms: zlib zstd
gcc version 11.4.0 (Ubuntu 11.4.0-1ubuntu1~22.04) 
configure:1615: $? = 0
configure:1617: gcc -V </dev/null >&5
gcc: error: unrecognized command-line option '-V'
gcc: fatal error: no input files
compilation terminated.
configure:1620: $? = 1
configure:1643: checking for C compiler default output file name
configure:1646: gcc    conftest.c  >&5
configure:1649: $? = 0
configure:1695: result: a.out
configure:1700: checking whether the C compiler works
configure:1706: ./a.out
configure:1709: $? = 0
configure:1726: result: yes
configure:1733: checking whether we are cross compiling
configure:1735: result: no
configure:1738: checking for suffix of executables
configure:1740: gcc -o conftest    conftest.c  >&5
configure:1743: $? = 0
configure:1768: result: 
configure:1774: checking for suffix of object files
configure:1795: gcc -c   conftest.c >&5
configure:1798: $? = 0
configure:1820: result: o
configure:1824: checking whether we are using the GNU C compiler
configure:1848: gcc -c   conftest.c >&5
configure:1854: $? = 0
configure:1858: test -z 
			 || test ! -s conftest.err
configure:1861: $? = 0
configure:1864: test -s conftest.o
configure:1867: $? = 0
configure:1880: result: yes
configure:1886: checking whether gcc accepts -g
configure:1907: gcc -c -g  conftest.c >&5
configure:1913: $? = 0
configure:1917: test -z 
			 || test ! -s conftest.err
configure:1920: $? = 0
configure:1923: test -s conftest.o
configure:1926: $? = 0
configure:1937: result: yes
configure:1954: checking for gcc option to accept ANSI C
configure:2024: gcc  -c -g -O2  conftest.c >&5
configure:2030: $? = 0
configure:2034: test -z 
			 || test ! -s conftest.err
configure:2037: $? = 0
configure:2040: test -s conftest.o
configure:2043: $? = 0
configure:2061: result: none needed
configure:2079: gcc -c -g -O2  conftest.c >&5
conftest.c:2:3: error: unknown type name 'choke'
    2 |   choke me
      |   ^~~~~
conftest.c:2:3: error: expected '=', ',', ';', 'asm' or '__attribute__' at end of input
configure:2085: $? = 1
configure: failed program was:
| #ifndef __cplusplus
|   choke me
| #endif
configure:2223: checking for FT_Init_FreeType in -lfreetype
configure:2253: gcc -o conftest -g -O2    conftest.c -lfreetype    >&5
/usr/bin/ld: cannot find -lfreetype: No such file or directory
collect2: error: ld returned 1 exit status
configure:2259: $? = 1
configure: failed program was:
| /* confdefs.h.  */
| 
| #define PACKAGE_NAME ""
| #define PACKAGE_TARNAME ""
| #define PACKAGE_VERSION ""
| #define PACKAGE_STRING ""
| #define PACKAGE_BUGREPORT ""
| /* end confdefs.h.  */
| 
| /* Override any gcc2 internal prototype to avoid an error.  */
| #ifdef __cplusplus
| extern "C"
| #endif
| /* We use char because int might match the return type of a gcc2
|    builtin and then its argument prototype would still apply.  */
| char FT_Init_FreeType ();
| int
| main ()
| {
| FT_Init_FreeType ();
|   ;
|   return 0;
| }
configure:2285: result: no
configure:2291: error: Can't find Freetype library! Compile FreeType first.

## ---------------- ##
## Cache variables. ##
## ---------------- ##

ac_cv_c_compiler_gnu=yes
ac_cv_env_CC_set=
ac_cv_env_CC_value=
ac_cv_env_CFLAGS_set=
ac_cv_env_CFLAGS_value=
ac_cv_env_CPPFLAGS_set=
ac_cv_env_CPPFLAGS_value=
ac_cv_env_CPP_set=
ac_cv_env_CPP_value=
ac_cv_env_LDFLAGS_set=
ac_cv_env_LDFLAGS_value=
ac_cv_env_build_alias_set=
ac_cv_env_build_alias_value=
ac_cv_env_host_alias_set=
ac_cv_env_host_alias_value=
ac_cv_env_target_alias_set=
ac_cv_env_target_alias_value=
ac_cv_exeext=
ac_cv_lib_freetype_FT_Init_FreeType=no
ac_cv_objext=o
ac_cv_prog_ac_ct_CC=gcc
ac_cv_prog_cc_g=yes
ac_cv_prog_cc_stdc=

## ----------------- ##
## Output variables. ##
## ----------------- ##

CC='gcc'
CFLAGS='-g -O2'
CP=''
CPP=''
CPPFLAGS=' '
DEFS=''
ECHO_C=''
ECHO_N='-n'
ECHO_T=''
EGREP=''
EXEEXT=''
LDFLAGS=''
LIBOBJS=''
LIBS=' '
LTLIBOBJS=''
OBJEXT='o'
PACKAGE_BUGREPORT=''
PACKAGE_NAME=''
PACKAGE_STRING=''
PACKAGE_TARNAME=''
PACKAGE_VERSION=''
PATH_SEPARATOR=':'
RM=''
SHELL='/bin/bash'
XX_CFLAGS=''
ac_ct_CC='gcc'
bindir='${exec_prefix}/bin'
build_alias=''
datadir='${prefix}/share'
exec_prefix='NONE'
host_alias=''
includedir='${prefix}/include'
infodir='${prefix}/info'
libdir='${exec_prefix}/lib'
libexecdir='${exec_prefix}/libexec'
localstatedir='${prefix}/var'
mandir='${prefix}/man'
oldincludedir='/usr/include'
prefix='NONE'
program_transform_name='s,x,x,'
sbindir='${exec_prefix}/sbin'
sharedstatedir='${prefix}/com'
sysconfdir='${prefix}/etc'
target_alias=''

## ----------- ##
## confdefs.h. ##
## ----------- ##

#define PACKAGE_BUGREPORT ""
#define PACKAGE_NAME ""
#define PACKAGE_STRING ""
#define PACKAGE_TARNAME ""
#define PACKAGE_VERSION ""

configure: exit 1
